{"level":"info","ts":"2024-05-19T18:02:34.165+0300","caller":"logger/logger.go:55","msg":"[stintik] Стример не стримит, повторная проверка через 15 секунд"}
{"level":"info","ts":"2024-05-19T18:02:51.349+0300","caller":"logger/logger.go:55","msg":"[stintik] Стример не стримит, повторная проверка через 15 секунд"}
{"level":"info","ts":"2024-05-19T18:03:08.463+0300","caller":"logger/logger.go:55","msg":"[stintik] Стример не стримит, повторная проверка через 15 секунд"}
{"level":"info","ts":"2024-05-19 18:03:27","caller":"logger/logger.go:61","msg":"[stintik] Стример не стримит, повторная проверка через 15 секунд"}
{"level":"info","ts":"2024-05-19 18:06:07","caller":"logger/logger.go:60","msg":"[stintik] Стример не стримит, повторная проверка через 15 секунд"}
{"level":"info","ts":"2024-05-19 18:21:00","msg":"[stintik] Стример не стримит, повторная проверка через 15 секунд"}
{"level":"info","ts":"2024-05-19 19:11:18","msg":"[stintik] Начинаю запись стрима..."}
{"level":"info","ts":"2024-05-19 19:41:33","msg":"[stintik] Сегмент записан, перехожу к следующему"}
{"level":"info","ts":"2024-05-19 20:11:33","msg":"[stintik] Сегмент записан, перехожу к следующему"}
{"level":"info","ts":"2024-05-19 20:17:26","msg":"[stintik] Запись стрима окончена. Возвращаюсь к проверке наличия стрима..."}
{"level":"info","ts":"2024-05-19 20:17:26","msg":"[stintik] Запись стрима завершена"}
{"level":"info","ts":"2024-05-19 20:31:11","msg":"[stintik] Начинаю запись стрима..."}
{"level":"info","ts":"2024-05-19 20:52:05","msg":"[stintik] Стример не стримит, повторная проверка через 15 секунд"}
{"level":"info","ts":"2024-05-19 20:52:36","msg":"[stintik] Стример не стримит, повторная проверка через 15 секунд"}
{"level":"info","ts":"2024-05-19 20:53:07","msg":"[stintik] Стример не стримит, повторная проверка через 15 секунд"}
{"level":"error","ts":"2024-05-19 20:53:34","msg":"[stintik] Неизвестная ошибка при получении URL потока","m3u8":"error: Unable to open URL: https://gql.twitch.tv/gql (HTTPSConnectionPool(host='gql.twitch.tv', port=443): Max retries exceeded with url: /gql (Caused by NewConnectionError('<urllib3.connection.HTTPSConnection object at 0x7f31d839a720>: Failed to establish a new connection: [Errno -3] Temporary failure in name resolution')))\n","stacktrace":"stream-recorder/pkg/logger.Error\n\t/home/ra1ph/Программирование/stream-recorder/pkg/logger/logger.go:68\nstream-recorder/internal/recorder.Init\n\t/home/ra1ph/Программирование/stream-recorder/internal/recorder/recorder.go:30\nmain.main.func2\n\t/home/ra1ph/Программирование/stream-recorder/cmd/main/main.go:58"}
{"level":"info","ts":"2024-05-19 20:53:52","msg":"[stintik] Начинаю запись стрима..."}
{"level":"info","ts":"2024-05-19 21:24:07","msg":"[stintik] Сегмент записан, перехожу к следующему"}
{"level":"info","ts":"2024-07-11 16:35:00","msg":"[stintik] Начинаю запись стрима..."}
{"level":"info","ts":"2024-07-11 17:05:15","msg":"[stintik] Сегмент записан, перехожу к следующему"}
{"level":"info","ts":"2024-07-15 00:39:17","msg":"[stintik] Стример не стримит, повторная проверка через 15 секунд"}
{"level":"info","ts":"2024-07-15 00:39:48","msg":"[stintik] Стример не стримит, повторная проверка через 15 секунд"}
{"level":"info","ts":"2024-07-15 00:40:19","msg":"[stintik] Стример не стримит, повторная проверка через 15 секунд"}
{"level":"info","ts":"2024-07-15 00:40:50","msg":"[stintik] Стример не стримит, повторная проверка через 15 секунд"}
{"level":"info","ts":"2024-07-15 00:41:21","msg":"[stintik] Стример не стримит, повторная проверка через 15 секунд"}
{"level":"info","ts":"2024-07-15 00:41:53","msg":"[stintik] Стример не стримит, повторная проверка через 15 секунд"}
{"level":"info","ts":"2024-07-15 00:42:24","msg":"[stintik] Стример не стримит, повторная проверка через 15 секунд"}
{"level":"info","ts":"2024-07-15 00:42:55","msg":"[stintik] Стример не стримит, повторная проверка через 15 секунд"}
{"level":"info","ts":"2024-07-15 00:43:27","msg":"[stintik] Стример не стримит, повторная проверка через 15 секунд"}
{"level":"info","ts":"2024-07-15 00:43:27","msg":"[t2x2] Стример не стримит, повторная проверка через 15 секунд"}
{"level":"info","ts":"2024-07-15 00:43:58","msg":"[t2x2] Стример не стримит, повторная проверка через 15 секунд"}
{"level":"info","ts":"2024-07-15 00:43:58","msg":"[stintik] Стример не стримит, повторная проверка через 15 секунд"}
{"level":"info","ts":"2024-07-15 00:44:29","msg":"[stintik] Стример не стримит, повторная проверка через 15 секунд"}
{"level":"info","ts":"2024-07-15 00:44:29","msg":"[t2x2] Стример не стримит, повторная проверка через 15 секунд"}
{"level":"info","ts":"2024-07-15 00:45:00","msg":"[t2x2] Стример не стримит, повторная проверка через 15 секунд"}
{"level":"info","ts":"2024-07-15 00:45:00","msg":"[stintik] Стример не стримит, повторная проверка через 15 секунд"}
{"level":"info","ts":"2024-07-15 00:45:20","msg":"[stintik] Стример не стримит, повторная проверка через 15 секунд"}
{"level":"info","ts":"2024-07-15 00:45:51","msg":"[stintik] Стример не стримит, повторная проверка через 15 секунд"}
{"level":"info","ts":"2024-07-15 00:46:22","msg":"[stintik] Стример не стримит, повторная проверка через 15 секунд"}
{"level":"info","ts":"2024-07-15 00:46:53","msg":"[stintik] Стример не стримит, повторная проверка через 15 секунд"}
{"level":"info","ts":"2024-07-15 00:47:19","msg":"[stintik] Стример не стримит, повторная проверка через 5 секунд"}
{"level":"info","ts":"2024-07-15 00:47:30","msg":"[stintik] Стример не стримит, повторная проверка через 5 секунд"}
{"level":"info","ts":"2024-07-15 00:47:40","msg":"[t2x2] Стример не стримит, повторная проверка через 5 секунд"}
{"level":"info","ts":"2024-07-15 00:47:41","msg":"[stintik] Стример не стримит, повторная проверка через 5 секунд"}
{"level":"info","ts":"2024-07-15 00:47:51","msg":"[t2x2] Стример не стримит, повторная проверка через 5 секунд"}
{"level":"info","ts":"2024-07-15 00:47:52","msg":"[stintik] Стример не стримит, повторная проверка через 5 секунд"}
{"level":"info","ts":"2024-07-15 00:48:02","msg":"[t2x2] Стример не стримит, повторная проверка через 5 секунд"}
{"level":"info","ts":"2024-07-15 00:48:03","msg":"[stintik] Стример не стримит, повторная проверка через 5 секунд"}
{"level":"info","ts":"2024-07-15 00:48:13","msg":"[t2x2] Стример не стримит, повторная проверка через 5 секунд"}
{"level":"info","ts":"2024-07-15 00:48:14","msg":"[stintik] Стример не стримит, повторная проверка через 5 секунд"}
{"level":"info","ts":"2024-07-15 00:48:24","msg":"[t2x2] Стример не стримит, повторная проверка через 5 секунд"}
{"level":"info","ts":"2024-07-15 00:48:25","msg":"[stintik] Стример не стримит, повторная проверка через 5 секунд"}
{"level":"info","ts":"2024-07-15 00:48:35","msg":"[t2x2] Стример не стримит, повторная проверка через 5 секунд"}
{"level":"info","ts":"2024-07-15 00:48:36","msg":"[stintik] Стример не стримит, повторная проверка через 5 секунд"}
{"level":"info","ts":"2024-07-15 00:48:46","msg":"[t2x2] Стример не стримит, повторная проверка через 5 секунд"}
{"level":"info","ts":"2024-07-15 00:48:47","msg":"[stintik] Стример не стримит, повторная проверка через 5 секунд"}
{"level":"info","ts":"2024-07-15 00:48:57","msg":"[t2x2] Стример не стримит, повторная проверка через 5 секунд"}
{"level":"info","ts":"2024-07-15 00:48:58","msg":"[stintik] Стример не стримит, повторная проверка через 5 секунд"}
{"level":"info","ts":"2024-07-15 00:49:08","msg":"[t2x2] Стример не стримит, повторная проверка через 5 секунд"}
{"level":"info","ts":"2024-07-15 00:49:09","msg":"[stintik] Стример не стримит, повторная проверка через 5 секунд"}
{"level":"info","ts":"2024-07-15 00:49:19","msg":"[t2x2] Стример не стримит, повторная проверка через 5 секунд"}
{"level":"info","ts":"2024-07-15 00:49:20","msg":"[stintik] Стример не стримит, повторная проверка через 5 секунд"}
{"level":"info","ts":"2024-07-15 00:49:30","msg":"[t2x2] Стример не стримит, повторная проверка через 5 секунд"}
{"level":"info","ts":"2024-07-15 00:49:31","msg":"[stintik] Стример не стримит, повторная проверка через 5 секунд"}
{"level":"info","ts":"2024-07-15 00:49:41","msg":"[t2x2] Стример не стримит, повторная проверка через 5 секунд"}
{"level":"info","ts":"2024-07-15 00:49:42","msg":"[stintik] Стример не стримит, повторная проверка через 5 секунд"}
{"level":"info","ts":"2024-07-15 00:49:52","msg":"[t2x2] Стример не стримит, повторная проверка через 5 секунд"}
{"level":"info","ts":"2024-07-15 00:49:53","msg":"[stintik] Стример не стримит, повторная проверка через 5 секунд"}
{"level":"info","ts":"2024-07-15 00:50:03","msg":"[t2x2] Стример не стримит, повторная проверка через 5 секунд"}
{"level":"info","ts":"2024-07-15 00:50:04","msg":"[stintik] Стример не стримит, повторная проверка через 5 секунд"}
{"level":"info","ts":"2024-07-15 00:50:14","msg":"[t2x2] Стример не стримит, повторная проверка через 5 секунд"}
{"level":"info","ts":"2024-07-15 00:50:15","msg":"[stintik] Стример не стримит, повторная проверка через 5 секунд"}
{"level":"info","ts":"2024-07-15 00:50:48","msg":"[stintik] Стример не стримит, повторная проверка через 5 секунд"}
{"level":"info","ts":"2024-07-15 00:50:59","msg":"[stintik] Стример не стримит, повторная проверка через 5 секунд"}
{"level":"info","ts":"2024-07-15 00:51:01","msg":"[t2x2] Стример не стримит, повторная проверка через 5 секунд"}
{"level":"info","ts":"2024-07-15 00:51:10","msg":"[stintik] Стример не стримит, повторная проверка через 5 секунд"}
{"level":"info","ts":"2024-07-15 00:51:12","msg":"[t2x2] Стример не стримит, повторная проверка через 5 секунд"}
{"level":"info","ts":"2024-07-15 00:51:21","msg":"[stintik] Стример не стримит, повторная проверка через 5 секунд"}
{"level":"info","ts":"2024-07-15 00:51:23","msg":"[t2x2] Стример не стримит, повторная проверка через 5 секунд"}
{"level":"info","ts":"2024-07-15 00:51:32","msg":"[stintik] Стример не стримит, повторная проверка через 5 секунд"}
{"level":"info","ts":"2024-07-15 00:51:34","msg":"[t2x2] Стример не стримит, повторная проверка через 5 секунд"}
{"level":"info","ts":"2024-07-15 00:51:43","msg":"[stintik] Стример не стримит, повторная проверка через 5 секунд"}
{"level":"info","ts":"2024-07-15 00:51:45","msg":"[t2x2] Стример не стримит, повторная проверка через 5 секунд"}
{"level":"info","ts":"2024-07-15 00:51:54","msg":"[stintik] Стример не стримит, повторная проверка через 5 секунд"}
{"level":"info","ts":"2024-07-15 00:51:56","msg":"[t2x2] Стример не стримит, повторная проверка через 5 секунд"}
{"level":"info","ts":"2024-07-15 00:52:05","msg":"[stintik] Стример не стримит, повторная проверка через 5 секунд"}
{"level":"info","ts":"2024-07-15 00:52:07","msg":"[t2x2] Стример не стримит, повторная проверка через 5 секунд"}
{"level":"info","ts":"2024-07-15 00:52:16","msg":"[stintik] Стример не стримит, повторная проверка через 5 секунд"}
{"level":"info","ts":"2024-07-15 00:52:18","msg":"[t2x2] Стример не стримит, повторная проверка через 5 секунд"}
{"level":"info","ts":"2024-07-15 00:52:27","msg":"[stintik] Стример не стримит, повторная проверка через 5 секунд"}
{"level":"info","ts":"2024-07-15 00:52:29","msg":"[t2x2] Стример не стримит, повторная проверка через 5 секунд"}
{"level":"info","ts":"2024-07-15 00:52:38","msg":"[stintik] Стример не стримит, повторная проверка через 5 секунд"}
{"level":"info","ts":"2024-07-15 00:52:40","msg":"[t2x2] Стример не стримит, повторная проверка через 5 секунд"}
{"level":"info","ts":"2024-07-15 00:52:49","msg":"[stintik] Стример не стримит, повторная проверка через 5 секунд"}
{"level":"info","ts":"2024-07-15 00:52:51","msg":"[t2x2] Стример не стримит, повторная проверка через 5 секунд"}
{"level":"info","ts":"2024-07-15 00:53:00","msg":"[stintik] Стример не стримит, повторная проверка через 5 секунд"}
{"level":"info","ts":"2024-07-15 00:53:02","msg":"[t2x2] Стример не стримит, повторная проверка через 5 секунд"}
{"level":"info","ts":"2024-07-15 00:53:13","msg":"[stintik] Стример не стримит, повторная проверка через 5 секунд"}
{"level":"info","ts":"2024-07-15 00:53:15","msg":"[t2x2] Стример не стримит, повторная проверка через 5 секунд"}
{"level":"info","ts":"2024-07-15 00:53:24","msg":"[stintik] Стример не стримит, повторная проверка через 5 секунд"}
{"level":"info","ts":"2024-07-15 00:53:26","msg":"[t2x2] Стример не стримит, повторная проверка через 5 секунд"}
{"level":"info","ts":"2024-07-15 00:53:35","msg":"[stintik] Стример не стримит, повторная проверка через 5 секунд"}
{"level":"info","ts":"2024-07-15 00:53:37","msg":"[t2x2] Стример не стримит, повторная проверка через 5 секунд"}
{"level":"info","ts":"2024-07-15 00:53:46","msg":"[stintik] Стример не стримит, повторная проверка через 5 секунд"}
{"level":"info","ts":"2024-07-15 00:53:48","msg":"[t2x2] Стример не стримит, повторная проверка через 5 секунд"}
{"level":"info","ts":"2024-07-15 00:53:57","msg":"[stintik] Стример не стримит, повторная проверка через 5 секунд"}
{"level":"info","ts":"2024-07-15 00:53:59","msg":"[t2x2] Стример не стримит, повторная проверка через 5 секунд"}
{"level":"info","ts":"2024-07-15 00:54:08","msg":"[stintik] Стример не стримит, повторная проверка через 5 секунд"}
{"level":"info","ts":"2024-07-15 00:54:10","msg":"[t2x2] Стример не стримит, повторная проверка через 5 секунд"}
{"level":"info","ts":"2024-07-15 00:54:19","msg":"[stintik] Стример не стримит, повторная проверка через 5 секунд"}
{"level":"info","ts":"2024-07-15 00:54:21","msg":"[t2x2] Стример не стримит, повторная проверка через 5 секунд"}
{"level":"info","ts":"2024-07-15 00:54:30","msg":"[stintik] Стример не стримит, повторная проверка через 5 секунд"}
{"level":"info","ts":"2024-07-15 00:54:32","msg":"[t2x2] Стример не стримит, повторная проверка через 5 секунд"}
{"level":"info","ts":"2024-07-15 00:54:41","msg":"[stintik] Стример не стримит, повторная проверка через 5 секунд"}
{"level":"info","ts":"2024-07-15 00:54:43","msg":"[t2x2] Стример не стримит, повторная проверка через 5 секунд"}
{"level":"info","ts":"2024-07-15 00:54:52","msg":"[stintik] Стример не стримит, повторная проверка через 5 секунд"}
{"level":"info","ts":"2024-07-15 00:54:54","msg":"[t2x2] Стример не стримит, повторная проверка через 5 секунд"}
{"level":"info","ts":"2024-07-15 00:55:03","msg":"[stintik] Стример не стримит, повторная проверка через 5 секунд"}
{"level":"info","ts":"2024-07-15 00:55:05","msg":"[t2x2] Стример не стримит, повторная проверка через 5 секунд"}
{"level":"info","ts":"2024-07-15 00:55:14","msg":"[stintik] Стример не стримит, повторная проверка через 5 секунд"}
{"level":"info","ts":"2024-07-15 00:55:16","msg":"[t2x2] Стример не стримит, повторная проверка через 5 секунд"}
{"level":"info","ts":"2024-07-15 00:55:25","msg":"[stintik] Стример не стримит, повторная проверка через 5 секунд"}
{"level":"info","ts":"2024-07-15 00:55:27","msg":"[t2x2] Стример не стримит, повторная проверка через 5 секунд"}
{"level":"info","ts":"2024-07-15 00:55:36","msg":"[stintik] Стример не стримит, повторная проверка через 5 секунд"}
{"level":"info","ts":"2024-07-15 00:55:38","msg":"[t2x2] Стример не стримит, повторная проверка через 5 секунд"}
{"level":"info","ts":"2024-07-15 00:55:47","msg":"[stintik] Стример не стримит, повторная проверка через 5 секунд"}
{"level":"info","ts":"2024-07-15 00:55:49","msg":"[t2x2] Стример не стримит, повторная проверка через 5 секунд"}
{"level":"info","ts":"2024-07-15 00:55:58","msg":"[stintik] Стример не стримит, повторная проверка через 5 секунд"}
{"level":"info","ts":"2024-07-15 00:56:00","msg":"[t2x2] Стример не стримит, повторная проверка через 5 секунд"}
{"level":"info","ts":"2024-07-15 00:56:09","msg":"[stintik] Стример не стримит, повторная проверка через 5 секунд"}
{"level":"info","ts":"2024-07-15 00:56:11","msg":"[t2x2] Стример не стримит, повторная проверка через 5 секунд"}
{"level":"info","ts":"2024-07-15 00:56:20","msg":"[stintik] Стример не стримит, повторная проверка через 5 секунд"}
{"level":"info","ts":"2024-07-15 00:56:22","msg":"[t2x2] Стример не стримит, повторная проверка через 5 секунд"}
{"level":"info","ts":"2024-07-15 00:56:31","msg":"[stintik] Стример не стримит, повторная проверка через 5 секунд"}
{"level":"info","ts":"2024-07-15 00:56:33","msg":"[t2x2] Стример не стримит, повторная проверка через 5 секунд"}
{"level":"info","ts":"2024-07-15 00:56:42","msg":"[stintik] Стример не стримит, повторная проверка через 5 секунд"}
{"level":"info","ts":"2024-07-15 00:56:44","msg":"[t2x2] Стример не стримит, повторная проверка через 5 секунд"}
{"level":"info","ts":"2024-07-15 00:56:53","msg":"[stintik] Стример не стримит, повторная проверка через 5 секунд"}
{"level":"info","ts":"2024-07-15 00:56:55","msg":"[t2x2] Стример не стримит, повторная проверка через 5 секунд"}
{"level":"info","ts":"2024-07-15 00:57:04","msg":"[stintik] Стример не стримит, повторная проверка через 5 секунд"}
{"level":"info","ts":"2024-07-15 00:57:06","msg":"[t2x2] Стример не стримит, повторная проверка через 5 секунд"}
{"level":"info","ts":"2024-07-15 00:57:15","msg":"[stintik] Стример не стримит, повторная проверка через 5 секунд"}
{"level":"info","ts":"2024-07-15 00:57:17","msg":"[t2x2] Стример не стримит, повторная проверка через 5 секунд"}
{"level":"info","ts":"2024-07-15 00:57:26","msg":"[stintik] Стример не стримит, повторная проверка через 5 секунд"}
{"level":"info","ts":"2024-07-15 00:57:28","msg":"[t2x2] Стример не стримит, повторная проверка через 5 секунд"}
{"level":"info","ts":"2024-07-15 00:57:42","msg":"[stintik] Стример не стримит, повторная проверка через 5 секунд"}
{"level":"info","ts":"2024-07-15 00:57:44","msg":"[t2x2] Стример не стримит, повторная проверка через 5 секунд"}
{"level":"info","ts":"2024-07-15 00:57:53","msg":"[stintik] Стример не стримит, повторная проверка через 5 секунд"}
{"level":"info","ts":"2024-07-15 00:57:55","msg":"[t2x2] Стример не стримит, повторная проверка через 5 секунд"}
{"level":"info","ts":"2024-07-15 00:58:04","msg":"[stintik] Стример не стримит, повторная проверка через 5 секунд"}
{"level":"info","ts":"2024-07-15 00:58:06","msg":"[t2x2] Стример не стримит, повторная проверка через 5 секунд"}
{"level":"info","ts":"2024-07-15 00:58:15","msg":"[stintik] Стример не стримит, повторная проверка через 5 секунд"}
{"level":"info","ts":"2024-07-15 00:58:17","msg":"[t2x2] Стример не стримит, повторная проверка через 5 секунд"}
{"level":"info","ts":"2024-07-15 00:58:24","msg":"[stintik] Стример не стримит, повторная проверка через 5 секунд"}
{"level":"info","ts":"2024-07-15 00:58:26","msg":"[t2x2] Стример не стримит, повторная проверка через 5 секунд"}
{"level":"info","ts":"2024-07-15 00:58:35","msg":"[stintik] Стример не стримит, повторная проверка через 5 секунд"}
{"level":"info","ts":"2024-07-15 00:58:37","msg":"[t2x2] Стример не стримит, повторная проверка через 5 секунд"}
{"level":"info","ts":"2024-07-15 00:58:39","msg":"[t2x2] Запись стрима прервана по запросу отмены"}
{"level":"info","ts":"2024-07-15 00:58:42","msg":"[t2x2] Запись стрима прервана по запросу отмены"}
{"level":"info","ts":"2024-07-15 00:58:46","msg":"[stintik] Стример не стримит, повторная проверка через 5 секунд"}
{"level":"info","ts":"2024-07-15 00:58:57","msg":"[stintik] Стример не стримит, повторная проверка через 5 секунд"}
{"level":"info","ts":"2024-07-15 00:59:08","msg":"[stintik] Стример не стримит, повторная проверка через 5 секунд"}
{"level":"info","ts":"2024-07-15 00:59:23","msg":"[stintik] Стример не стримит, повторная проверка через 5 секунд"}
{"level":"info","ts":"2024-07-15 00:59:34","msg":"[stintik] Стример не стримит, повторная проверка через 5 секунд"}
{"level":"info","ts":"2024-07-15 00:59:41","msg":"[drakeoffc] Стример не стримит, повторная проверка через 5 секунд"}
{"level":"info","ts":"2024-07-15 00:59:45","msg":"[stintik] Стример не стримит, повторная проверка через 5 секунд"}
{"level":"info","ts":"2024-07-15 00:59:52","msg":"[drakeoffc] Стример не стримит, повторная проверка через 5 секунд"}
{"level":"info","ts":"2024-07-15 00:59:56","msg":"[stintik] Стример не стримит, повторная проверка через 5 секунд"}
{"level":"info","ts":"2024-07-15 01:00:03","msg":"[drakeoffc] Стример не стримит, повторная проверка через 5 секунд"}
{"level":"info","ts":"2024-07-15 01:00:07","msg":"[stintik] Стример не стримит, повторная проверка через 5 секунд"}
{"level":"info","ts":"2024-07-15 01:00:14","msg":"[drakeoffc] Стример не стримит, повторная проверка через 5 секунд"}
{"level":"info","ts":"2024-07-15 01:00:18","msg":"[stintik] Стример не стримит, повторная проверка через 5 секунд"}
{"level":"info","ts":"2024-07-15 01:00:25","msg":"[drakeoffc] Стример не стримит, повторная проверка через 5 секунд"}
{"level":"info","ts":"2024-07-15 01:00:29","msg":"[stintik] Стример не стримит, повторная проверка через 5 секунд"}
{"level":"info","ts":"2024-07-15 01:00:36","msg":"[drakeoffc] Стример не стримит, повторная проверка через 5 секунд"}
{"level":"info","ts":"2024-07-15 01:00:40","msg":"[stintik] Стример не стримит, повторная проверка через 5 секунд"}
{"level":"info","ts":"2024-07-15 01:01:06","msg":"[stintik] Стример не стримит, повторная проверка через 15 секунд"}
{"level":"info","ts":"2024-07-15 01:01:06","msg":"[drakeoffc] Стример не стримит, повторная проверка через 15 секунд"}
{"level":"info","ts":"2024-07-15 01:01:36","msg":"[drakeoffc] Стример не стримит, повторная проверка через 15 секунд"}
{"level":"info","ts":"2024-07-15 01:01:36","msg":"[stintik] Стример не стримит, повторная проверка через 15 секунд"}
{"level":"info","ts":"2024-07-15 01:02:07","msg":"[drakeoffc] Стример не стримит, повторная проверка через 15 секунд"}
{"level":"info","ts":"2024-07-15 01:02:07","msg":"[stintik] Стример не стримит, повторная проверка через 15 секунд"}
{"level":"info","ts":"2024-07-15 01:02:38","msg":"[drakeoffc] Стример не стримит, повторная проверка через 15 секунд"}
{"level":"info","ts":"2024-07-15 01:02:38","msg":"[stintik] Стример не стримит, повторная проверка через 15 секунд"}
{"level":"info","ts":"2024-07-15 01:02:57","msg":"[stintik] Стример не стримит, повторная проверка через 15 секунд"}
{"level":"info","ts":"2024-07-15 01:02:57","msg":"[drakeoffc] Стример не стримит, повторная проверка через 15 секунд"}
{"level":"info","ts":"2024-07-15 01:03:28","msg":"[stintik] Стример не стримит, повторная проверка через 15 секунд"}
{"level":"info","ts":"2024-07-15 01:03:28","msg":"[drakeoffc] Стример не стримит, повторная проверка через 15 секунд"}
{"level":"info","ts":"2024-07-15 01:11:56","msg":"[stintik] Запись стрима прервана по запросу отмены"}
{"level":"info","ts":"2024-07-15 01:12:01","msg":"[drakeoffc] Стример не стримит, повторная проверка через 15 секунд"}
{"level":"info","ts":"2024-07-15 01:12:01","msg":"[stintik] Стример не стримит, повторная проверка через 15 секунд"}
{"level":"info","ts":"2024-07-15 01:12:31","msg":"[drakeoffc] Стример не стримит, повторная проверка через 15 секунд"}
{"level":"info","ts":"2024-07-15 01:13:01","msg":"[drakeoffc] Стример не стримит, повторная проверка через 15 секунд"}
{"level":"info","ts":"2024-07-15 01:33:55","msg":"[drakeoffc] Стример не стримит, повторная проверка через 15 секунд"}
{"level":"info","ts":"2024-07-15 01:34:27","msg":"[drakeoffc] Стример не стримит, повторная проверка через 15 секунд"}
{"level":"info","ts":"2024-07-15 01:35:00","msg":"[drakeoffc] Стример не стримит, повторная проверка через 15 секунд"}
{"level":"info","ts":"2024-07-15 01:40:47","msg":"[drakeoffc] Начинаю запись стрима..."}
{"level":"info","ts":"2024-07-15 01:49:31","msg":"[drakeoffc] Начинаю запись стрима..."}
{"level":"info","ts":"2024-07-15 01:52:29","msg":"[drakeoffc] Начинаю запись стрима..."}
{"level":"info","ts":"2024-07-15 01:53:18","msg":"[drakeoffc] Начинаю запись стрима..."}
{"level":"info","ts":"2024-07-15 01:56:44","msg":"[drakeoffc] Получение URL занимает больше времени, чем предполагалось... Ожидаю ответ"}
{"level":"info","ts":"2024-07-15 01:57:03","msg":"[drakeoffc] Начинаю запись стрима..."}
